2023-02-09 12:13:45,796 INFO [JavaFX Application Thread] j.l.Class [LoginController.java:42] Application has been started
2023-02-09 12:13:55,952 INFO [JavaFX Application Thread] j.l.Class [LoginController.java:80] Admin user with username: admin has logged in!
2023-02-09 12:13:57,954 INFO [JavaFX Application Thread] j.l.Class [LatestBestRatedFilmThread.java:62] Ranked films list is empty
2023-02-09 12:13:58,553 INFO [JavaFX Application Thread] j.l.Class [LoginController.java:42] Application has been started
2023-02-09 12:13:59,948 INFO [JavaFX Application Thread] j.l.Class [LatestBestRatedFilmThread.java:62] Ranked films list is empty
2023-02-09 12:14:01,948 INFO [JavaFX Application Thread] j.l.Class [LatestBestRatedFilmThread.java:62] Ranked films list is empty
2023-02-09 12:14:03,956 INFO [JavaFX Application Thread] j.l.Class [LatestBestRatedFilmThread.java:62] Ranked films list is empty
2023-02-09 12:14:04,128 INFO [JavaFX Application Thread] j.l.Class [LoginController.java:91] User with username: guest has logged in!
2023-02-09 12:14:05,947 INFO [JavaFX Application Thread] j.l.Class [LatestBestRatedFilmThread.java:62] Ranked films list is empty
2023-02-09 12:14:06,227 INFO [JavaFX Application Thread] j.l.Class [LatestBestRatedFilmThread.java:62] Ranked films list is empty
2023-02-09 12:14:06,606 INFO [JavaFX Application Thread] j.l.Class [FilmPageController.java:107] Serialization file is empty!
hr.project.exceptions.SerializationFileEmptyException: Serialization file is empty or doesn't exist!
	at hr.project/hr.project.utils.Serialization.Deserialize(Serialization.java:42)
	at hr.project/hr.project.application.FilmPageController.initialize(FilmPageController.java:105)
	at java.base/jdk.internal.reflect.DirectMethodHandleAccessor.invoke(DirectMethodHandleAccessor.java:104)
	at java.base/java.lang.reflect.Method.invoke(Method.java:578)
	at com.sun.javafx.reflect.Trampoline.invoke(MethodUtil.java:77)
	at java.base/jdk.internal.reflect.DirectMethodHandleAccessor.invoke(DirectMethodHandleAccessor.java:104)
	at java.base/java.lang.reflect.Method.invoke(Method.java:578)
	at javafx.base@19-ea/com.sun.javafx.reflect.MethodUtil.invoke(MethodUtil.java:275)
	at javafx.fxml@19-ea/com.sun.javafx.fxml.MethodHelper.invoke(MethodHelper.java:84)
	at javafx.fxml@19-ea/javafx.fxml.FXMLLoader.loadImpl(FXMLLoader.java:2673)
	at javafx.fxml@19-ea/javafx.fxml.FXMLLoader.loadImpl(FXMLLoader.java:2548)
	at javafx.fxml@19-ea/javafx.fxml.FXMLLoader.load(FXMLLoader.java:2516)
	at hr.project/hr.project.application.FilmApplication.setMainPage(FilmApplication.java:34)
	at hr.project/hr.project.application.MainPageController.showFilmPageScreen(MainPageController.java:47)
	at java.base/jdk.internal.reflect.DirectMethodHandleAccessor.invoke(DirectMethodHandleAccessor.java:104)
	at java.base/java.lang.reflect.Method.invoke(Method.java:578)
	at com.sun.javafx.reflect.Trampoline.invoke(MethodUtil.java:77)
	at java.base/jdk.internal.reflect.DirectMethodHandleAccessor.invoke(DirectMethodHandleAccessor.java:104)
	at java.base/java.lang.reflect.Method.invoke(Method.java:578)
	at javafx.base@19-ea/com.sun.javafx.reflect.MethodUtil.invoke(MethodUtil.java:275)
	at javafx.fxml@19-ea/com.sun.javafx.fxml.MethodHelper.invoke(MethodHelper.java:84)
	at javafx.fxml@19-ea/javafx.fxml.FXMLLoader$MethodHandler.invoke(FXMLLoader.java:1854)
	at javafx.fxml@19-ea/javafx.fxml.FXMLLoader$ControllerMethodEventHandler.handle(FXMLLoader.java:1724)
	at javafx.base@19-ea/com.sun.javafx.event.CompositeEventHandler.dispatchBubblingEvent(CompositeEventHandler.java:86)
	at javafx.base@19-ea/com.sun.javafx.event.EventHandlerManager.dispatchBubblingEvent(EventHandlerManager.java:234)
	at javafx.base@19-ea/com.sun.javafx.event.EventHandlerManager.dispatchBubblingEvent(EventHandlerManager.java:191)
	at javafx.base@19-ea/com.sun.javafx.event.CompositeEventDispatcher.dispatchBubblingEvent(CompositeEventDispatcher.java:59)
	at javafx.base@19-ea/com.sun.javafx.event.BasicEventDispatcher.dispatchEvent(BasicEventDispatcher.java:58)
	at javafx.base@19-ea/com.sun.javafx.event.EventDispatchChainImpl.dispatchEvent(EventDispatchChainImpl.java:114)
	at javafx.base@19-ea/com.sun.javafx.event.BasicEventDispatcher.dispatchEvent(BasicEventDispatcher.java:56)
	at javafx.base@19-ea/com.sun.javafx.event.EventDispatchChainImpl.dispatchEvent(EventDispatchChainImpl.java:114)
	at javafx.base@19-ea/com.sun.javafx.event.BasicEventDispatcher.dispatchEvent(BasicEventDispatcher.java:56)
	at javafx.base@19-ea/com.sun.javafx.event.EventDispatchChainImpl.dispatchEvent(EventDispatchChainImpl.java:114)
	at javafx.base@19-ea/com.sun.javafx.event.EventUtil.fireEventImpl(EventUtil.java:74)
	at javafx.base@19-ea/com.sun.javafx.event.EventUtil.fireEvent(EventUtil.java:49)
	at javafx.base@19-ea/javafx.event.Event.fireEvent(Event.java:198)
	at javafx.graphics@19-ea/javafx.scene.Node.fireEvent(Node.java:8797)
	at javafx.controls@19-ea/javafx.scene.control.Button.fire(Button.java:203)
	at javafx.controls@19-ea/com.sun.javafx.scene.control.behavior.ButtonBehavior.mouseReleased(ButtonBehavior.java:208)
	at javafx.controls@19-ea/com.sun.javafx.scene.control.inputmap.InputMap.handle(InputMap.java:274)
	at javafx.base@19-ea/com.sun.javafx.event.CompositeEventHandler$NormalEventHandlerRecord.handleBubblingEvent(CompositeEventHandler.java:247)
	at javafx.base@19-ea/com.sun.javafx.event.CompositeEventHandler.dispatchBubblingEvent(CompositeEventHandler.java:80)
	at javafx.base@19-ea/com.sun.javafx.event.EventHandlerManager.dispatchBubblingEvent(EventHandlerManager.java:234)
	at javafx.base@19-ea/com.sun.javafx.event.EventHandlerManager.dispatchBubblingEvent(EventHandlerManager.java:191)
	at javafx.base@19-ea/com.sun.javafx.event.CompositeEventDispatcher.dispatchBubblingEvent(CompositeEventDispatcher.java:59)
	at javafx.base@19-ea/com.sun.javafx.event.BasicEventDispatcher.dispatchEvent(BasicEventDispatcher.java:58)
	at javafx.base@19-ea/com.sun.javafx.event.EventDispatchChainImpl.dispatchEvent(EventDispatchChainImpl.java:114)
	at javafx.base@19-ea/com.sun.javafx.event.BasicEventDispatcher.dispatchEvent(BasicEventDispatcher.java:56)
	at javafx.base@19-ea/com.sun.javafx.event.EventDispatchChainImpl.dispatchEvent(EventDispatchChainImpl.java:114)
	at javafx.base@19-ea/com.sun.javafx.event.BasicEventDispatcher.dispatchEvent(BasicEventDispatcher.java:56)
	at javafx.base@19-ea/com.sun.javafx.event.EventDispatchChainImpl.dispatchEvent(EventDispatchChainImpl.java:114)
	at javafx.base@19-ea/com.sun.javafx.event.EventUtil.fireEventImpl(EventUtil.java:74)
	at javafx.base@19-ea/com.sun.javafx.event.EventUtil.fireEvent(EventUtil.java:54)
	at javafx.base@19-ea/javafx.event.Event.fireEvent(Event.java:198)
	at javafx.graphics@19-ea/javafx.scene.Scene$MouseHandler.process(Scene.java:3881)
	at javafx.graphics@19-ea/javafx.scene.Scene.processMouseEvent(Scene.java:1874)
	at javafx.graphics@19-ea/javafx.scene.Scene$ScenePeerListener.mouseEvent(Scene.java:2607)
	at javafx.graphics@19-ea/com.sun.javafx.tk.quantum.GlassViewEventHandler$MouseEventNotification.run(GlassViewEventHandler.java:411)
	at javafx.graphics@19-ea/com.sun.javafx.tk.quantum.GlassViewEventHandler$MouseEventNotification.run(GlassViewEventHandler.java:301)
	at java.base/java.security.AccessController.doPrivileged(AccessController.java:399)
	at javafx.graphics@19-ea/com.sun.javafx.tk.quantum.GlassViewEventHandler.lambda$handleMouseEvent$2(GlassViewEventHandler.java:450)
	at javafx.graphics@19-ea/com.sun.javafx.tk.quantum.QuantumToolkit.runWithoutRenderLock(QuantumToolkit.java:424)
	at javafx.graphics@19-ea/com.sun.javafx.tk.quantum.GlassViewEventHandler.handleMouseEvent(GlassViewEventHandler.java:449)
	at javafx.graphics@19-ea/com.sun.glass.ui.View.handleMouseEvent(View.java:551)
	at javafx.graphics@19-ea/com.sun.glass.ui.View.notifyMouse(View.java:937)
	at javafx.graphics@19-ea/com.sun.glass.ui.win.WinApplication._runLoop(Native Method)
	at javafx.graphics@19-ea/com.sun.glass.ui.win.WinApplication.lambda$runLoop$3(WinApplication.java:184)
	at java.base/java.lang.Thread.run(Thread.java:1589)
2023-02-09 12:14:07,936 INFO [JavaFX Application Thread] j.l.Class [LatestBestRatedFilmThread.java:62] Ranked films list is empty
2023-02-09 12:14:08,269 INFO [JavaFX Application Thread] j.l.Class [LatestBestRatedFilmThread.java:62] Ranked films list is empty
2023-02-09 12:14:09,678 INFO [JavaFX Application Thread] j.l.Class [LoginController.java:42] Application has been started
2023-02-09 12:14:10,010 INFO [JavaFX Application Thread] j.l.Class [LatestBestRatedFilmThread.java:62] Ranked films list is empty
2023-02-09 12:14:10,200 INFO [JavaFX Application Thread] j.l.Class [LatestBestRatedFilmThread.java:62] Ranked films list is empty
2023-02-09 12:14:10,796 INFO [JavaFX Application Thread] j.l.Class [LatestBestRatedFilmThread.java:62] Ranked films list is empty
2023-02-09 12:14:11,931 INFO [JavaFX Application Thread] j.l.Class [LatestBestRatedFilmThread.java:62] Ranked films list is empty
2023-02-09 12:14:12,214 INFO [JavaFX Application Thread] j.l.Class [LatestBestRatedFilmThread.java:62] Ranked films list is empty
2023-02-09 12:14:12,812 INFO [JavaFX Application Thread] j.l.Class [LatestBestRatedFilmThread.java:62] Ranked films list is empty
2023-02-09 12:14:13,933 INFO [JavaFX Application Thread] j.l.Class [LatestBestRatedFilmThread.java:62] Ranked films list is empty
2023-02-09 12:14:14,229 INFO [JavaFX Application Thread] j.l.Class [LatestBestRatedFilmThread.java:62] Ranked films list is empty
2023-02-09 12:14:14,813 INFO [JavaFX Application Thread] j.l.Class [LatestBestRatedFilmThread.java:62] Ranked films list is empty
2023-02-09 12:14:15,935 INFO [JavaFX Application Thread] j.l.Class [LatestBestRatedFilmThread.java:62] Ranked films list is empty
2023-02-09 12:14:16,202 INFO [JavaFX Application Thread] j.l.Class [LatestBestRatedFilmThread.java:62] Ranked films list is empty
2023-02-09 12:14:16,242 INFO [JavaFX Application Thread] j.l.Class [LoginController.java:80] Admin user with username: admin has logged in!
2023-02-09 12:14:16,822 INFO [JavaFX Application Thread] j.l.Class [LatestBestRatedFilmThread.java:62] Ranked films list is empty
2023-02-09 12:14:17,946 INFO [JavaFX Application Thread] j.l.Class [LatestBestRatedFilmThread.java:62] Ranked films list is empty
2023-02-09 12:14:18,203 INFO [JavaFX Application Thread] j.l.Class [LatestBestRatedFilmThread.java:62] Ranked films list is empty
2023-02-09 12:14:18,329 INFO [JavaFX Application Thread] j.l.Class [LatestBestRatedFilmThread.java:62] Ranked films list is empty
2023-02-09 12:14:18,576 INFO [JavaFX Application Thread] j.l.Class [FilmPageController.java:107] Serialization file is empty!
hr.project.exceptions.SerializationFileEmptyException: Serialization file is empty or doesn't exist!
	at hr.project/hr.project.utils.Serialization.Deserialize(Serialization.java:42)
	at hr.project/hr.project.application.FilmPageController.initialize(FilmPageController.java:105)
	at java.base/jdk.internal.reflect.DirectMethodHandleAccessor.invoke(DirectMethodHandleAccessor.java:104)
	at java.base/java.lang.reflect.Method.invoke(Method.java:578)
	at com.sun.javafx.reflect.Trampoline.invoke(MethodUtil.java:77)
	at java.base/jdk.internal.reflect.DirectMethodHandleAccessor.invoke(DirectMethodHandleAccessor.java:104)
	at java.base/java.lang.reflect.Method.invoke(Method.java:578)
	at javafx.base@19-ea/com.sun.javafx.reflect.MethodUtil.invoke(MethodUtil.java:275)
	at javafx.fxml@19-ea/com.sun.javafx.fxml.MethodHelper.invoke(MethodHelper.java:84)
	at javafx.fxml@19-ea/javafx.fxml.FXMLLoader.loadImpl(FXMLLoader.java:2673)
	at javafx.fxml@19-ea/javafx.fxml.FXMLLoader.loadImpl(FXMLLoader.java:2548)
	at javafx.fxml@19-ea/javafx.fxml.FXMLLoader.load(FXMLLoader.java:2516)
	at hr.project/hr.project.application.FilmApplication.setMainPage(FilmApplication.java:34)
	at hr.project/hr.project.application.admin.AdminController.showFilmPageScreen(AdminController.java:45)
	at java.base/jdk.internal.reflect.DirectMethodHandleAccessor.invoke(DirectMethodHandleAccessor.java:104)
	at java.base/java.lang.reflect.Method.invoke(Method.java:578)
	at com.sun.javafx.reflect.Trampoline.invoke(MethodUtil.java:77)
	at java.base/jdk.internal.reflect.DirectMethodHandleAccessor.invoke(DirectMethodHandleAccessor.java:104)
	at java.base/java.lang.reflect.Method.invoke(Method.java:578)
	at javafx.base@19-ea/com.sun.javafx.reflect.MethodUtil.invoke(MethodUtil.java:275)
	at javafx.fxml@19-ea/com.sun.javafx.fxml.MethodHelper.invoke(MethodHelper.java:84)
	at javafx.fxml@19-ea/javafx.fxml.FXMLLoader$MethodHandler.invoke(FXMLLoader.java:1854)
	at javafx.fxml@19-ea/javafx.fxml.FXMLLoader$ControllerMethodEventHandler.handle(FXMLLoader.java:1724)
	at javafx.base@19-ea/com.sun.javafx.event.CompositeEventHandler.dispatchBubblingEvent(CompositeEventHandler.java:86)
	at javafx.base@19-ea/com.sun.javafx.event.EventHandlerManager.dispatchBubblingEvent(EventHandlerManager.java:234)
	at javafx.base@19-ea/com.sun.javafx.event.EventHandlerManager.dispatchBubblingEvent(EventHandlerManager.java:191)
	at javafx.base@19-ea/com.sun.javafx.event.CompositeEventDispatcher.dispatchBubblingEvent(CompositeEventDispatcher.java:59)
	at javafx.base@19-ea/com.sun.javafx.event.BasicEventDispatcher.dispatchEvent(BasicEventDispatcher.java:58)
	at javafx.base@19-ea/com.sun.javafx.event.EventDispatchChainImpl.dispatchEvent(EventDispatchChainImpl.java:114)
	at javafx.base@19-ea/com.sun.javafx.event.BasicEventDispatcher.dispatchEvent(BasicEventDispatcher.java:56)
	at javafx.base@19-ea/com.sun.javafx.event.EventDispatchChainImpl.dispatchEvent(EventDispatchChainImpl.java:114)
	at javafx.base@19-ea/com.sun.javafx.event.BasicEventDispatcher.dispatchEvent(BasicEventDispatcher.java:56)
	at javafx.base@19-ea/com.sun.javafx.event.EventDispatchChainImpl.dispatchEvent(EventDispatchChainImpl.java:114)
	at javafx.base@19-ea/com.sun.javafx.event.EventUtil.fireEventImpl(EventUtil.java:74)
	at javafx.base@19-ea/com.sun.javafx.event.EventUtil.fireEvent(EventUtil.java:49)
	at javafx.base@19-ea/javafx.event.Event.fireEvent(Event.java:198)
	at javafx.graphics@19-ea/javafx.scene.Node.fireEvent(Node.java:8797)
	at javafx.controls@19-ea/javafx.scene.control.Button.fire(Button.java:203)
	at javafx.controls@19-ea/com.sun.javafx.scene.control.behavior.ButtonBehavior.mouseReleased(ButtonBehavior.java:208)
	at javafx.controls@19-ea/com.sun.javafx.scene.control.inputmap.InputMap.handle(InputMap.java:274)
	at javafx.base@19-ea/com.sun.javafx.event.CompositeEventHandler$NormalEventHandlerRecord.handleBubblingEvent(CompositeEventHandler.java:247)
	at javafx.base@19-ea/com.sun.javafx.event.CompositeEventHandler.dispatchBubblingEvent(CompositeEventHandler.java:80)
	at javafx.base@19-ea/com.sun.javafx.event.EventHandlerManager.dispatchBubblingEvent(EventHandlerManager.java:234)
	at javafx.base@19-ea/com.sun.javafx.event.EventHandlerManager.dispatchBubblingEvent(EventHandlerManager.java:191)
	at javafx.base@19-ea/com.sun.javafx.event.CompositeEventDispatcher.dispatchBubblingEvent(CompositeEventDispatcher.java:59)
	at javafx.base@19-ea/com.sun.javafx.event.BasicEventDispatcher.dispatchEvent(BasicEventDispatcher.java:58)
	at javafx.base@19-ea/com.sun.javafx.event.EventDispatchChainImpl.dispatchEvent(EventDispatchChainImpl.java:114)
	at javafx.base@19-ea/com.sun.javafx.event.BasicEventDispatcher.dispatchEvent(BasicEventDispatcher.java:56)
	at javafx.base@19-ea/com.sun.javafx.event.EventDispatchChainImpl.dispatchEvent(EventDispatchChainImpl.java:114)
	at javafx.base@19-ea/com.sun.javafx.event.BasicEventDispatcher.dispatchEvent(BasicEventDispatcher.java:56)
	at javafx.base@19-ea/com.sun.javafx.event.EventDispatchChainImpl.dispatchEvent(EventDispatchChainImpl.java:114)
	at javafx.base@19-ea/com.sun.javafx.event.EventUtil.fireEventImpl(EventUtil.java:74)
	at javafx.base@19-ea/com.sun.javafx.event.EventUtil.fireEvent(EventUtil.java:54)
	at javafx.base@19-ea/javafx.event.Event.fireEvent(Event.java:198)
	at javafx.graphics@19-ea/javafx.scene.Scene$MouseHandler.process(Scene.java:3881)
	at javafx.graphics@19-ea/javafx.scene.Scene.processMouseEvent(Scene.java:1874)
	at javafx.graphics@19-ea/javafx.scene.Scene$ScenePeerListener.mouseEvent(Scene.java:2607)
	at javafx.graphics@19-ea/com.sun.javafx.tk.quantum.GlassViewEventHandler$MouseEventNotification.run(GlassViewEventHandler.java:411)
	at javafx.graphics@19-ea/com.sun.javafx.tk.quantum.GlassViewEventHandler$MouseEventNotification.run(GlassViewEventHandler.java:301)
	at java.base/java.security.AccessController.doPrivileged(AccessController.java:399)
	at javafx.graphics@19-ea/com.sun.javafx.tk.quantum.GlassViewEventHandler.lambda$handleMouseEvent$2(GlassViewEventHandler.java:450)
	at javafx.graphics@19-ea/com.sun.javafx.tk.quantum.QuantumToolkit.runWithoutRenderLock(QuantumToolkit.java:424)
	at javafx.graphics@19-ea/com.sun.javafx.tk.quantum.GlassViewEventHandler.handleMouseEvent(GlassViewEventHandler.java:449)
	at javafx.graphics@19-ea/com.sun.glass.ui.View.handleMouseEvent(View.java:551)
	at javafx.graphics@19-ea/com.sun.glass.ui.View.notifyMouse(View.java:937)
	at javafx.graphics@19-ea/com.sun.glass.ui.win.WinApplication._runLoop(Native Method)
	at javafx.graphics@19-ea/com.sun.glass.ui.win.WinApplication.lambda$runLoop$3(WinApplication.java:184)
	at java.base/java.lang.Thread.run(Thread.java:1589)
2023-02-09 12:14:19,209 INFO [JavaFX Application Thread] j.l.Class [LatestBestRatedFilmThread.java:62] Ranked films list is empty
2023-02-09 12:14:19,950 INFO [JavaFX Application Thread] j.l.Class [LatestBestRatedFilmThread.java:62] Ranked films list is empty
2023-02-09 12:14:20,227 INFO [JavaFX Application Thread] j.l.Class [LatestBestRatedFilmThread.java:62] Ranked films list is empty
2023-02-09 12:14:20,336 INFO [JavaFX Application Thread] j.l.Class [LatestBestRatedFilmThread.java:62] Ranked films list is empty
2023-02-09 12:14:20,800 INFO [JavaFX Application Thread] j.l.Class [LatestBestRatedFilmThread.java:62] Ranked films list is empty
2023-02-09 12:14:21,941 INFO [JavaFX Application Thread] j.l.Class [LatestBestRatedFilmThread.java:62] Ranked films list is empty
2023-02-09 12:14:22,205 INFO [JavaFX Application Thread] j.l.Class [LatestBestRatedFilmThread.java:62] Ranked films list is empty
2023-02-09 12:14:22,339 INFO [JavaFX Application Thread] j.l.Class [LatestBestRatedFilmThread.java:62] Ranked films list is empty
2023-02-09 12:14:22,814 INFO [JavaFX Application Thread] j.l.Class [LatestBestRatedFilmThread.java:62] Ranked films list is empty
2023-02-09 12:14:23,947 INFO [JavaFX Application Thread] j.l.Class [LatestBestRatedFilmThread.java:62] Ranked films list is empty
2023-02-09 12:14:24,216 INFO [JavaFX Application Thread] j.l.Class [LatestBestRatedFilmThread.java:62] Ranked films list is empty
2023-02-09 12:14:24,324 INFO [JavaFX Application Thread] j.l.Class [LatestBestRatedFilmThread.java:62] Ranked films list is empty
2023-02-09 12:14:24,830 INFO [JavaFX Application Thread] j.l.Class [LatestBestRatedFilmThread.java:62] Ranked films list is empty
2023-02-09 12:14:27,023 INFO [JavaFX Application Thread] j.l.Class [FilmPageController.java:201] Film review saved to database!
2023-02-09 12:14:43,605 INFO [JavaFX Application Thread] j.l.Class [Database.java:214] Review already exists, proceeding to update!
2023-02-09 12:14:43,632 INFO [JavaFX Application Thread] j.l.Class [RatedFilmsController.java:277] Review successfully edited!
2023-02-09 12:15:01,904 INFO [JavaFX Application Thread] j.l.Class [RatedFilmsController.java:333] Ranked films list is empty
2023-02-09 12:15:02,076 INFO [JavaFX Application Thread] j.l.Class [LatestBestRatedFilmThread.java:62] Ranked films list is empty
2023-02-09 12:15:02,220 INFO [JavaFX Application Thread] j.l.Class [LatestBestRatedFilmThread.java:62] Ranked films list is empty
2023-02-09 12:15:02,361 INFO [JavaFX Application Thread] j.l.Class [LatestBestRatedFilmThread.java:62] Ranked films list is empty
2023-02-09 12:15:02,509 INFO [JavaFX Application Thread] j.l.Class [LatestBestRatedFilmThread.java:62] Ranked films list is empty
2023-02-09 12:15:02,845 INFO [JavaFX Application Thread] j.l.Class [LatestBestRatedFilmThread.java:62] Ranked films list is empty
2023-02-09 12:15:03,983 INFO [JavaFX Application Thread] j.l.Class [LatestBestRatedFilmThread.java:62] Ranked films list is empty
2023-02-09 12:15:04,299 INFO [JavaFX Application Thread] j.l.Class [LatestBestRatedFilmThread.java:62] Ranked films list is empty
2023-02-09 12:15:04,440 INFO [JavaFX Application Thread] j.l.Class [LatestBestRatedFilmThread.java:62] Ranked films list is empty
2023-02-09 12:15:04,825 INFO [JavaFX Application Thread] j.l.Class [LatestBestRatedFilmThread.java:62] Ranked films list is empty
2023-02-09 12:15:06,022 INFO [JavaFX Application Thread] j.l.Class [LatestBestRatedFilmThread.java:62] Ranked films list is empty
2023-02-09 12:15:06,244 INFO [JavaFX Application Thread] j.l.Class [LatestBestRatedFilmThread.java:62] Ranked films list is empty
2023-02-09 12:15:06,397 INFO [JavaFX Application Thread] j.l.Class [LatestBestRatedFilmThread.java:62] Ranked films list is empty
2023-02-09 12:15:06,835 INFO [JavaFX Application Thread] j.l.Class [LatestBestRatedFilmThread.java:62] Ranked films list is empty
2023-02-09 12:15:07,967 INFO [JavaFX Application Thread] j.l.Class [LatestBestRatedFilmThread.java:62] Ranked films list is empty
2023-02-09 12:15:08,258 INFO [JavaFX Application Thread] j.l.Class [LatestBestRatedFilmThread.java:62] Ranked films list is empty
2023-02-09 12:15:08,398 INFO [JavaFX Application Thread] j.l.Class [LatestBestRatedFilmThread.java:62] Ranked films list is empty
2023-02-09 12:15:08,878 INFO [JavaFX Application Thread] j.l.Class [LatestBestRatedFilmThread.java:62] Ranked films list is empty
2023-02-09 12:15:09,967 INFO [JavaFX Application Thread] j.l.Class [LatestBestRatedFilmThread.java:62] Ranked films list is empty
2023-02-09 12:15:10,243 INFO [JavaFX Application Thread] j.l.Class [LatestBestRatedFilmThread.java:62] Ranked films list is empty
2023-02-09 12:15:10,459 INFO [JavaFX Application Thread] j.l.Class [LatestBestRatedFilmThread.java:62] Ranked films list is empty
2023-02-09 12:15:10,842 INFO [JavaFX Application Thread] j.l.Class [LatestBestRatedFilmThread.java:62] Ranked films list is empty
2023-02-09 12:15:11,963 INFO [JavaFX Application Thread] j.l.Class [LatestBestRatedFilmThread.java:62] Ranked films list is empty
2023-02-09 12:15:12,245 INFO [JavaFX Application Thread] j.l.Class [LatestBestRatedFilmThread.java:62] Ranked films list is empty
2023-02-09 12:15:12,378 INFO [JavaFX Application Thread] j.l.Class [LatestBestRatedFilmThread.java:62] Ranked films list is empty
2023-02-09 12:15:12,841 INFO [JavaFX Application Thread] j.l.Class [LatestBestRatedFilmThread.java:62] Ranked films list is empty
2023-02-09 12:15:13,992 INFO [JavaFX Application Thread] j.l.Class [LatestBestRatedFilmThread.java:62] Ranked films list is empty
2023-02-09 12:15:14,244 INFO [JavaFX Application Thread] j.l.Class [LatestBestRatedFilmThread.java:62] Ranked films list is empty
2023-02-09 12:15:14,370 INFO [JavaFX Application Thread] j.l.Class [LatestBestRatedFilmThread.java:62] Ranked films list is empty
2023-02-09 12:15:14,845 INFO [JavaFX Application Thread] j.l.Class [LatestBestRatedFilmThread.java:62] Ranked films list is empty
2023-02-09 12:15:15,964 INFO [JavaFX Application Thread] j.l.Class [LatestBestRatedFilmThread.java:62] Ranked films list is empty
2023-02-09 12:15:16,196 INFO [JavaFX Application Thread] j.l.Class [LatestBestRatedFilmThread.java:62] Ranked films list is empty
2023-02-09 12:15:16,322 INFO [JavaFX Application Thread] j.l.Class [LatestBestRatedFilmThread.java:62] Ranked films list is empty
2023-02-09 12:15:16,793 INFO [JavaFX Application Thread] j.l.Class [LatestBestRatedFilmThread.java:62] Ranked films list is empty
2023-02-09 12:15:17,925 INFO [JavaFX Application Thread] j.l.Class [LatestBestRatedFilmThread.java:62] Ranked films list is empty
2023-02-09 12:15:18,208 INFO [JavaFX Application Thread] j.l.Class [LatestBestRatedFilmThread.java:62] Ranked films list is empty
2023-02-09 12:15:18,319 INFO [JavaFX Application Thread] j.l.Class [LatestBestRatedFilmThread.java:62] Ranked films list is empty
2023-02-09 12:15:18,862 INFO [JavaFX Application Thread] j.l.Class [LatestBestRatedFilmThread.java:62] Ranked films list is empty
2023-02-09 12:15:19,945 INFO [JavaFX Application Thread] j.l.Class [LatestBestRatedFilmThread.java:62] Ranked films list is empty
2023-02-09 12:15:20,214 INFO [JavaFX Application Thread] j.l.Class [LatestBestRatedFilmThread.java:62] Ranked films list is empty
2023-02-09 12:15:20,316 INFO [JavaFX Application Thread] j.l.Class [LatestBestRatedFilmThread.java:62] Ranked films list is empty
2023-02-09 12:15:20,800 INFO [JavaFX Application Thread] j.l.Class [LatestBestRatedFilmThread.java:62] Ranked films list is empty
2023-02-09 12:15:21,971 INFO [JavaFX Application Thread] j.l.Class [LatestBestRatedFilmThread.java:62] Ranked films list is empty
2023-02-09 12:15:22,202 INFO [JavaFX Application Thread] j.l.Class [LatestBestRatedFilmThread.java:62] Ranked films list is empty
2023-02-09 12:15:22,323 INFO [JavaFX Application Thread] j.l.Class [LatestBestRatedFilmThread.java:62] Ranked films list is empty
2023-02-09 12:15:22,804 INFO [JavaFX Application Thread] j.l.Class [LatestBestRatedFilmThread.java:62] Ranked films list is empty
2023-02-09 12:15:23,710 INFO [JavaFX Application Thread] j.l.Class [LatestBestRatedFilmThread.java:62] Ranked films list is empty
2023-02-09 12:15:23,941 INFO [JavaFX Application Thread] j.l.Class [LatestBestRatedFilmThread.java:62] Ranked films list is empty
2023-02-09 12:15:24,243 INFO [JavaFX Application Thread] j.l.Class [LatestBestRatedFilmThread.java:62] Ranked films list is empty
2023-02-09 12:15:24,348 INFO [JavaFX Application Thread] j.l.Class [LatestBestRatedFilmThread.java:62] Ranked films list is empty
2023-02-09 12:15:24,789 INFO [JavaFX Application Thread] j.l.Class [LatestBestRatedFilmThread.java:62] Ranked films list is empty
2023-02-09 12:15:25,705 INFO [JavaFX Application Thread] j.l.Class [LatestBestRatedFilmThread.java:62] Ranked films list is empty
2023-02-09 12:15:25,946 INFO [JavaFX Application Thread] j.l.Class [LatestBestRatedFilmThread.java:62] Ranked films list is empty
2023-02-09 12:15:26,212 INFO [JavaFX Application Thread] j.l.Class [LatestBestRatedFilmThread.java:62] Ranked films list is empty
2023-02-09 12:15:26,326 INFO [JavaFX Application Thread] j.l.Class [LatestBestRatedFilmThread.java:62] Ranked films list is empty
2023-02-09 12:15:26,813 INFO [JavaFX Application Thread] j.l.Class [LatestBestRatedFilmThread.java:62] Ranked films list is empty
2023-02-09 12:15:27,717 INFO [JavaFX Application Thread] j.l.Class [LatestBestRatedFilmThread.java:62] Ranked films list is empty
2023-02-09 12:15:27,935 INFO [JavaFX Application Thread] j.l.Class [LatestBestRatedFilmThread.java:62] Ranked films list is empty
2023-02-09 12:15:28,224 INFO [JavaFX Application Thread] j.l.Class [LatestBestRatedFilmThread.java:62] Ranked films list is empty
2023-02-09 12:15:28,332 INFO [JavaFX Application Thread] j.l.Class [LatestBestRatedFilmThread.java:62] Ranked films list is empty
2023-02-09 12:15:28,811 INFO [JavaFX Application Thread] j.l.Class [LatestBestRatedFilmThread.java:62] Ranked films list is empty
2023-02-09 12:15:29,743 INFO [JavaFX Application Thread] j.l.Class [LatestBestRatedFilmThread.java:62] Ranked films list is empty
2023-02-09 12:15:29,935 INFO [JavaFX Application Thread] j.l.Class [LatestBestRatedFilmThread.java:62] Ranked films list is empty
2023-02-09 12:15:30,207 INFO [JavaFX Application Thread] j.l.Class [LatestBestRatedFilmThread.java:62] Ranked films list is empty
2023-02-09 12:15:30,317 INFO [JavaFX Application Thread] j.l.Class [LatestBestRatedFilmThread.java:62] Ranked films list is empty
2023-02-09 12:15:30,796 INFO [JavaFX Application Thread] j.l.Class [LatestBestRatedFilmThread.java:62] Ranked films list is empty
2023-02-09 12:15:31,720 INFO [JavaFX Application Thread] j.l.Class [LatestBestRatedFilmThread.java:62] Ranked films list is empty
2023-02-09 12:15:31,965 INFO [JavaFX Application Thread] j.l.Class [LatestBestRatedFilmThread.java:62] Ranked films list is empty
2023-02-09 12:15:32,218 INFO [JavaFX Application Thread] j.l.Class [LatestBestRatedFilmThread.java:62] Ranked films list is empty
2023-02-09 12:15:32,320 INFO [JavaFX Application Thread] j.l.Class [LatestBestRatedFilmThread.java:62] Ranked films list is empty
2023-02-09 12:15:32,795 INFO [JavaFX Application Thread] j.l.Class [LatestBestRatedFilmThread.java:62] Ranked films list is empty
2023-02-09 12:15:33,728 INFO [JavaFX Application Thread] j.l.Class [LatestBestRatedFilmThread.java:62] Ranked films list is empty
2023-02-09 12:15:33,943 INFO [JavaFX Application Thread] j.l.Class [LatestBestRatedFilmThread.java:62] Ranked films list is empty
2023-02-09 12:15:34,222 INFO [JavaFX Application Thread] j.l.Class [LatestBestRatedFilmThread.java:62] Ranked films list is empty
2023-02-09 12:15:34,329 INFO [JavaFX Application Thread] j.l.Class [LatestBestRatedFilmThread.java:62] Ranked films list is empty
2023-02-09 12:15:34,789 INFO [JavaFX Application Thread] j.l.Class [LatestBestRatedFilmThread.java:62] Ranked films list is empty
2023-02-09 12:15:35,727 INFO [JavaFX Application Thread] j.l.Class [LatestBestRatedFilmThread.java:62] Ranked films list is empty
2023-02-09 12:15:35,936 INFO [JavaFX Application Thread] j.l.Class [LatestBestRatedFilmThread.java:62] Ranked films list is empty
2023-02-09 12:15:36,218 INFO [JavaFX Application Thread] j.l.Class [LatestBestRatedFilmThread.java:62] Ranked films list is empty
2023-02-09 12:15:36,345 INFO [JavaFX Application Thread] j.l.Class [LatestBestRatedFilmThread.java:62] Ranked films list is empty
2023-02-09 12:15:36,807 INFO [JavaFX Application Thread] j.l.Class [LatestBestRatedFilmThread.java:62] Ranked films list is empty
2023-02-09 12:15:37,719 INFO [JavaFX Application Thread] j.l.Class [LatestBestRatedFilmThread.java:62] Ranked films list is empty
2023-02-09 12:15:37,949 INFO [JavaFX Application Thread] j.l.Class [LatestBestRatedFilmThread.java:62] Ranked films list is empty
2023-02-09 12:15:38,202 INFO [JavaFX Application Thread] j.l.Class [LatestBestRatedFilmThread.java:62] Ranked films list is empty
2023-02-09 12:15:38,330 INFO [JavaFX Application Thread] j.l.Class [LatestBestRatedFilmThread.java:62] Ranked films list is empty
2023-02-09 12:15:38,815 INFO [JavaFX Application Thread] j.l.Class [LatestBestRatedFilmThread.java:62] Ranked films list is empty
2023-02-09 12:15:39,713 INFO [JavaFX Application Thread] j.l.Class [LatestBestRatedFilmThread.java:62] Ranked films list is empty
2023-02-09 12:15:39,934 INFO [JavaFX Application Thread] j.l.Class [LatestBestRatedFilmThread.java:62] Ranked films list is empty
2023-02-09 12:15:40,230 INFO [JavaFX Application Thread] j.l.Class [LatestBestRatedFilmThread.java:62] Ranked films list is empty
2023-02-09 12:15:40,339 INFO [JavaFX Application Thread] j.l.Class [LatestBestRatedFilmThread.java:62] Ranked films list is empty
2023-02-09 12:15:40,803 INFO [JavaFX Application Thread] j.l.Class [LatestBestRatedFilmThread.java:62] Ranked films list is empty
2023-02-09 12:15:41,734 INFO [JavaFX Application Thread] j.l.Class [LatestBestRatedFilmThread.java:62] Ranked films list is empty
2023-02-09 12:15:41,933 INFO [JavaFX Application Thread] j.l.Class [LatestBestRatedFilmThread.java:62] Ranked films list is empty
2023-02-09 12:15:42,222 INFO [JavaFX Application Thread] j.l.Class [LatestBestRatedFilmThread.java:62] Ranked films list is empty
2023-02-09 12:15:42,328 INFO [JavaFX Application Thread] j.l.Class [LatestBestRatedFilmThread.java:62] Ranked films list is empty
2023-02-09 12:15:42,799 INFO [JavaFX Application Thread] j.l.Class [LatestBestRatedFilmThread.java:62] Ranked films list is empty
2023-02-09 12:15:43,747 INFO [JavaFX Application Thread] j.l.Class [LatestBestRatedFilmThread.java:62] Ranked films list is empty
2023-02-09 12:15:43,976 INFO [JavaFX Application Thread] j.l.Class [LatestBestRatedFilmThread.java:62] Ranked films list is empty
2023-02-09 12:15:44,222 INFO [JavaFX Application Thread] j.l.Class [LatestBestRatedFilmThread.java:62] Ranked films list is empty
2023-02-09 12:15:44,329 INFO [JavaFX Application Thread] j.l.Class [LatestBestRatedFilmThread.java:62] Ranked films list is empty
2023-02-09 12:15:44,814 INFO [JavaFX Application Thread] j.l.Class [LatestBestRatedFilmThread.java:62] Ranked films list is empty
2023-02-09 12:15:45,739 INFO [JavaFX Application Thread] j.l.Class [LatestBestRatedFilmThread.java:62] Ranked films list is empty
2023-02-09 12:15:45,938 INFO [JavaFX Application Thread] j.l.Class [LatestBestRatedFilmThread.java:62] Ranked films list is empty
2023-02-09 12:15:46,208 INFO [JavaFX Application Thread] j.l.Class [LatestBestRatedFilmThread.java:62] Ranked films list is empty
2023-02-09 12:15:46,336 INFO [JavaFX Application Thread] j.l.Class [LatestBestRatedFilmThread.java:62] Ranked films list is empty
2023-02-09 12:15:46,822 INFO [JavaFX Application Thread] j.l.Class [LatestBestRatedFilmThread.java:62] Ranked films list is empty
2023-02-09 12:15:47,744 INFO [JavaFX Application Thread] j.l.Class [LatestBestRatedFilmThread.java:62] Ranked films list is empty
2023-02-09 12:15:47,947 INFO [JavaFX Application Thread] j.l.Class [LatestBestRatedFilmThread.java:62] Ranked films list is empty
2023-02-09 12:15:48,234 INFO [JavaFX Application Thread] j.l.Class [LatestBestRatedFilmThread.java:62] Ranked films list is empty
2023-02-09 12:15:48,343 INFO [JavaFX Application Thread] j.l.Class [LatestBestRatedFilmThread.java:62] Ranked films list is empty
2023-02-09 12:15:48,820 INFO [JavaFX Application Thread] j.l.Class [LatestBestRatedFilmThread.java:62] Ranked films list is empty
2023-02-09 12:15:49,739 INFO [JavaFX Application Thread] j.l.Class [LatestBestRatedFilmThread.java:62] Ranked films list is empty
2023-02-09 12:15:49,958 INFO [JavaFX Application Thread] j.l.Class [LatestBestRatedFilmThread.java:62] Ranked films list is empty
2023-02-09 12:15:50,210 INFO [JavaFX Application Thread] j.l.Class [LatestBestRatedFilmThread.java:62] Ranked films list is empty
2023-02-09 12:15:50,337 INFO [JavaFX Application Thread] j.l.Class [LatestBestRatedFilmThread.java:62] Ranked films list is empty
2023-02-09 12:15:50,801 INFO [JavaFX Application Thread] j.l.Class [LatestBestRatedFilmThread.java:62] Ranked films list is empty
2023-02-09 12:15:51,728 INFO [JavaFX Application Thread] j.l.Class [LatestBestRatedFilmThread.java:62] Ranked films list is empty
2023-02-09 12:15:51,951 INFO [JavaFX Application Thread] j.l.Class [LatestBestRatedFilmThread.java:62] Ranked films list is empty
2023-02-09 12:15:52,206 INFO [JavaFX Application Thread] j.l.Class [LatestBestRatedFilmThread.java:62] Ranked films list is empty
2023-02-09 12:15:52,333 INFO [JavaFX Application Thread] j.l.Class [LatestBestRatedFilmThread.java:62] Ranked films list is empty
2023-02-09 12:15:52,829 INFO [JavaFX Application Thread] j.l.Class [LatestBestRatedFilmThread.java:62] Ranked films list is empty
2023-02-09 12:15:53,735 INFO [JavaFX Application Thread] j.l.Class [LatestBestRatedFilmThread.java:62] Ranked films list is empty
2023-02-09 12:15:53,948 INFO [JavaFX Application Thread] j.l.Class [LatestBestRatedFilmThread.java:62] Ranked films list is empty
2023-02-09 12:15:54,223 INFO [JavaFX Application Thread] j.l.Class [LatestBestRatedFilmThread.java:62] Ranked films list is empty
2023-02-09 12:15:54,333 INFO [JavaFX Application Thread] j.l.Class [LatestBestRatedFilmThread.java:62] Ranked films list is empty
2023-02-09 12:15:54,825 INFO [JavaFX Application Thread] j.l.Class [LatestBestRatedFilmThread.java:62] Ranked films list is empty
2023-02-09 12:15:55,734 INFO [JavaFX Application Thread] j.l.Class [LatestBestRatedFilmThread.java:62] Ranked films list is empty
2023-02-09 12:15:55,964 INFO [JavaFX Application Thread] j.l.Class [LatestBestRatedFilmThread.java:62] Ranked films list is empty
2023-02-09 12:15:56,224 INFO [JavaFX Application Thread] j.l.Class [LatestBestRatedFilmThread.java:62] Ranked films list is empty
2023-02-09 12:15:56,334 INFO [JavaFX Application Thread] j.l.Class [LatestBestRatedFilmThread.java:62] Ranked films list is empty
2023-02-09 12:15:56,799 INFO [JavaFX Application Thread] j.l.Class [LatestBestRatedFilmThread.java:62] Ranked films list is empty
2023-02-09 12:15:57,735 INFO [JavaFX Application Thread] j.l.Class [LatestBestRatedFilmThread.java:62] Ranked films list is empty
2023-02-09 12:15:57,957 INFO [JavaFX Application Thread] j.l.Class [LatestBestRatedFilmThread.java:62] Ranked films list is empty
2023-02-09 12:15:58,221 INFO [JavaFX Application Thread] j.l.Class [LatestBestRatedFilmThread.java:62] Ranked films list is empty
2023-02-09 12:15:58,335 INFO [JavaFX Application Thread] j.l.Class [LatestBestRatedFilmThread.java:62] Ranked films list is empty
2023-02-09 12:15:58,822 INFO [JavaFX Application Thread] j.l.Class [LatestBestRatedFilmThread.java:62] Ranked films list is empty
2023-02-09 12:15:59,730 INFO [JavaFX Application Thread] j.l.Class [LatestBestRatedFilmThread.java:62] Ranked films list is empty
2023-02-09 12:15:59,988 INFO [JavaFX Application Thread] j.l.Class [LatestBestRatedFilmThread.java:62] Ranked films list is empty
2023-02-09 12:16:00,212 INFO [JavaFX Application Thread] j.l.Class [LatestBestRatedFilmThread.java:62] Ranked films list is empty
2023-02-09 12:16:00,338 INFO [JavaFX Application Thread] j.l.Class [LatestBestRatedFilmThread.java:62] Ranked films list is empty
2023-02-09 12:16:00,817 INFO [JavaFX Application Thread] j.l.Class [LatestBestRatedFilmThread.java:62] Ranked films list is empty
2023-02-09 12:16:01,719 INFO [JavaFX Application Thread] j.l.Class [LatestBestRatedFilmThread.java:62] Ranked films list is empty
2023-02-09 12:16:01,959 INFO [JavaFX Application Thread] j.l.Class [LatestBestRatedFilmThread.java:62] Ranked films list is empty
2023-02-09 12:16:02,241 INFO [JavaFX Application Thread] j.l.Class [LatestBestRatedFilmThread.java:62] Ranked films list is empty
2023-02-09 12:16:02,352 INFO [JavaFX Application Thread] j.l.Class [LatestBestRatedFilmThread.java:62] Ranked films list is empty
2023-02-09 12:16:02,806 INFO [JavaFX Application Thread] j.l.Class [LatestBestRatedFilmThread.java:62] Ranked films list is empty
2023-02-09 12:16:03,715 INFO [JavaFX Application Thread] j.l.Class [LatestBestRatedFilmThread.java:62] Ranked films list is empty
2023-02-09 12:16:03,959 INFO [JavaFX Application Thread] j.l.Class [LatestBestRatedFilmThread.java:62] Ranked films list is empty
2023-02-09 12:16:04,233 INFO [JavaFX Application Thread] j.l.Class [LatestBestRatedFilmThread.java:62] Ranked films list is empty
2023-02-09 12:16:04,342 INFO [JavaFX Application Thread] j.l.Class [LatestBestRatedFilmThread.java:62] Ranked films list is empty
2023-02-09 12:16:04,798 INFO [JavaFX Application Thread] j.l.Class [LatestBestRatedFilmThread.java:62] Ranked films list is empty
2023-02-09 12:16:05,740 INFO [JavaFX Application Thread] j.l.Class [LatestBestRatedFilmThread.java:62] Ranked films list is empty
2023-02-09 12:16:05,965 INFO [JavaFX Application Thread] j.l.Class [LatestBestRatedFilmThread.java:62] Ranked films list is empty
2023-02-09 12:16:06,222 INFO [JavaFX Application Thread] j.l.Class [LatestBestRatedFilmThread.java:62] Ranked films list is empty
2023-02-09 12:16:06,330 INFO [JavaFX Application Thread] j.l.Class [LatestBestRatedFilmThread.java:62] Ranked films list is empty
2023-02-09 12:16:06,814 INFO [JavaFX Application Thread] j.l.Class [LatestBestRatedFilmThread.java:62] Ranked films list is empty
2023-02-09 12:16:07,728 INFO [JavaFX Application Thread] j.l.Class [LatestBestRatedFilmThread.java:62] Ranked films list is empty
2023-02-09 12:16:07,956 INFO [JavaFX Application Thread] j.l.Class [LatestBestRatedFilmThread.java:62] Ranked films list is empty
2023-02-09 12:16:08,229 INFO [JavaFX Application Thread] j.l.Class [LatestBestRatedFilmThread.java:62] Ranked films list is empty
2023-02-09 12:16:08,341 INFO [JavaFX Application Thread] j.l.Class [LatestBestRatedFilmThread.java:62] Ranked films list is empty
2023-02-09 12:16:08,822 INFO [JavaFX Application Thread] j.l.Class [LatestBestRatedFilmThread.java:62] Ranked films list is empty
2023-02-09 12:16:09,716 INFO [JavaFX Application Thread] j.l.Class [LatestBestRatedFilmThread.java:62] Ranked films list is empty
2023-02-09 12:16:09,941 INFO [JavaFX Application Thread] j.l.Class [LatestBestRatedFilmThread.java:62] Ranked films list is empty
2023-02-09 12:16:10,215 INFO [JavaFX Application Thread] j.l.Class [LatestBestRatedFilmThread.java:62] Ranked films list is empty
2023-02-09 12:16:10,331 INFO [JavaFX Application Thread] j.l.Class [LatestBestRatedFilmThread.java:62] Ranked films list is empty
2023-02-09 12:16:10,804 INFO [JavaFX Application Thread] j.l.Class [LatestBestRatedFilmThread.java:62] Ranked films list is empty
2023-02-09 12:16:11,737 INFO [JavaFX Application Thread] j.l.Class [LatestBestRatedFilmThread.java:62] Ranked films list is empty
2023-02-09 12:16:11,952 INFO [JavaFX Application Thread] j.l.Class [LatestBestRatedFilmThread.java:62] Ranked films list is empty
2023-02-09 12:16:12,214 INFO [JavaFX Application Thread] j.l.Class [LatestBestRatedFilmThread.java:62] Ranked films list is empty
2023-02-09 12:16:12,327 INFO [JavaFX Application Thread] j.l.Class [LatestBestRatedFilmThread.java:62] Ranked films list is empty
2023-02-09 12:16:12,833 INFO [JavaFX Application Thread] j.l.Class [LatestBestRatedFilmThread.java:62] Ranked films list is empty
2023-02-09 12:16:13,721 INFO [JavaFX Application Thread] j.l.Class [LatestBestRatedFilmThread.java:62] Ranked films list is empty
2023-02-09 12:16:13,955 INFO [JavaFX Application Thread] j.l.Class [LatestBestRatedFilmThread.java:62] Ranked films list is empty
2023-02-09 12:16:14,231 INFO [JavaFX Application Thread] j.l.Class [LatestBestRatedFilmThread.java:62] Ranked films list is empty
2023-02-09 12:16:14,349 INFO [JavaFX Application Thread] j.l.Class [LatestBestRatedFilmThread.java:62] Ranked films list is empty
2023-02-09 12:16:14,815 INFO [JavaFX Application Thread] j.l.Class [LatestBestRatedFilmThread.java:62] Ranked films list is empty
2023-02-09 12:16:15,732 INFO [JavaFX Application Thread] j.l.Class [LatestBestRatedFilmThread.java:62] Ranked films list is empty
2023-02-09 12:16:15,965 INFO [JavaFX Application Thread] j.l.Class [LatestBestRatedFilmThread.java:62] Ranked films list is empty
2023-02-09 12:16:16,244 INFO [JavaFX Application Thread] j.l.Class [LatestBestRatedFilmThread.java:62] Ranked films list is empty
2023-02-09 12:16:16,358 INFO [JavaFX Application Thread] j.l.Class [LatestBestRatedFilmThread.java:62] Ranked films list is empty
2023-02-09 12:16:16,805 INFO [JavaFX Application Thread] j.l.Class [LatestBestRatedFilmThread.java:62] Ranked films list is empty
2023-02-09 12:16:17,716 INFO [JavaFX Application Thread] j.l.Class [LatestBestRatedFilmThread.java:62] Ranked films list is empty
2023-02-09 12:16:17,960 INFO [JavaFX Application Thread] j.l.Class [LatestBestRatedFilmThread.java:62] Ranked films list is empty
2023-02-09 12:16:18,252 INFO [JavaFX Application Thread] j.l.Class [LatestBestRatedFilmThread.java:62] Ranked films list is empty
2023-02-09 12:16:18,371 INFO [JavaFX Application Thread] j.l.Class [LatestBestRatedFilmThread.java:62] Ranked films list is empty
2023-02-09 12:16:18,822 INFO [JavaFX Application Thread] j.l.Class [LatestBestRatedFilmThread.java:62] Ranked films list is empty
2023-02-09 12:16:19,769 INFO [JavaFX Application Thread] j.l.Class [LatestBestRatedFilmThread.java:62] Ranked films list is empty
2023-02-09 12:16:19,981 INFO [JavaFX Application Thread] j.l.Class [LatestBestRatedFilmThread.java:62] Ranked films list is empty
2023-02-09 12:16:20,217 INFO [JavaFX Application Thread] j.l.Class [LatestBestRatedFilmThread.java:62] Ranked films list is empty
2023-02-09 12:16:20,334 INFO [JavaFX Application Thread] j.l.Class [LatestBestRatedFilmThread.java:62] Ranked films list is empty
2023-02-09 12:16:20,968 INFO [JavaFX Application Thread] j.l.Class [LatestBestRatedFilmThread.java:62] Ranked films list is empty
2023-02-09 12:27:33,234 INFO [JavaFX Application Thread] j.l.Class [LoginController.java:42] Application has been started
2023-02-09 12:27:43,054 INFO [JavaFX Application Thread] j.l.Class [LoginController.java:99] Invalid username or password!
2023-02-09 12:27:46,215 INFO [JavaFX Application Thread] j.l.Class [LoginController.java:80] Admin user with username: admin has logged in!
2023-02-09 12:27:49,244 INFO [JavaFX Application Thread] j.l.Class [LatestBestRatedFilmThread.java:63] Ranked films list is empty
2023-02-09 12:27:52,212 INFO [JavaFX Application Thread] j.l.Class [LatestBestRatedFilmThread.java:63] Ranked films list is empty
2023-02-09 12:27:55,241 INFO [JavaFX Application Thread] j.l.Class [LatestBestRatedFilmThread.java:63] Ranked films list is empty
2023-02-09 12:27:58,311 INFO [JavaFX Application Thread] j.l.Class [LatestBestRatedFilmThread.java:63] Ranked films list is empty
2023-02-09 12:28:01,477 INFO [JavaFX Application Thread] j.l.Class [LatestBestRatedFilmThread.java:63] Ranked films list is empty
2023-02-09 12:28:04,190 INFO [JavaFX Application Thread] j.l.Class [LatestBestRatedFilmThread.java:63] Ranked films list is empty
2023-02-09 12:28:07,194 INFO [JavaFX Application Thread] j.l.Class [LatestBestRatedFilmThread.java:63] Ranked films list is empty
2023-02-09 12:28:10,193 INFO [JavaFX Application Thread] j.l.Class [LatestBestRatedFilmThread.java:63] Ranked films list is empty
2023-02-09 12:28:13,211 INFO [JavaFX Application Thread] j.l.Class [LatestBestRatedFilmThread.java:63] Ranked films list is empty
2023-02-09 12:28:16,223 INFO [JavaFX Application Thread] j.l.Class [LatestBestRatedFilmThread.java:63] Ranked films list is empty
2023-02-09 12:28:19,303 INFO [JavaFX Application Thread] j.l.Class [LatestBestRatedFilmThread.java:63] Ranked films list is empty
2023-02-09 12:28:22,189 INFO [JavaFX Application Thread] j.l.Class [LatestBestRatedFilmThread.java:63] Ranked films list is empty
2023-02-09 12:28:30,818 INFO [JavaFX Application Thread] j.l.Class [LoginController.java:42] Application has been started
2023-02-09 12:28:43,491 INFO [JavaFX Application Thread] j.l.Class [LoginController.java:80] Admin user with username: admin has logged in!
2023-02-09 12:28:46,490 INFO [JavaFX Application Thread] j.l.Class [LatestBestRatedFilmThread.java:63] Ranked films list is empty
2023-02-09 12:28:49,500 INFO [JavaFX Application Thread] j.l.Class [LatestBestRatedFilmThread.java:63] Ranked films list is empty
2023-02-09 12:28:52,481 INFO [JavaFX Application Thread] j.l.Class [LatestBestRatedFilmThread.java:63] Ranked films list is empty
2023-02-09 12:31:07,813 INFO [JavaFX Application Thread] j.l.Class [LoginController.java:42] Application has been started
2023-02-09 12:31:17,819 INFO [JavaFX Application Thread] j.l.Class [LoginController.java:80] Admin user with username: admin has logged in!
